========================JOB INFO=========================
Job ID: 2551234
Job name: alignment-sample059
Start date: Fri Nov 14 13:39:33 CST 2025
Current directory: /scratch/09961/jaturcin/niv-agm-serialsac-mad
=========================================================

[MSG] STEP 1 OF 3: CHECKING INPUTS
[MSG] Valid genome index: pipeline/indices/csabaeus-niv-exon
[MSG] Valid output directory: data/alignments
[MSG] Valid R1 FASTQ file: data/fastq/sample059-r1.fq.gz
[MSG] Valid R2 FASTQ file: data/fastq/sample059-r2.fq.gz
[MSG] Using sample ID: sample059
[MSG] Done checking inputs!

[MSG] STEP 2 OF 3: RUN STAR ALIGNMENT
[MSG] CMD: STAR --runThreadN 8 --readFilesCommand zcat --outSAMtype BAM Unsorted --outSAMunmapped Within --genomeDir 'pipeline/indices/csabaeus-niv-exon' --outFileNamePrefix 'data/alignments/sample059-' --readFilesIn 'data/fastq/sample059-r1.fq.gz' 'data/fastq/sample059-r2.fq.gz'
INFO:    gocryptfs not found, will not be able to use gocryptfs
	/usr/local/bin/STAR-avx2 --runThreadN 8 --readFilesCommand zcat --outSAMtype BAM Unsorted --outSAMunmapped Within --genomeDir pipeline/indices/csabaeus-niv-exon --outFileNamePrefix data/alignments/sample059- --readFilesIn data/fastq/sample059-r1.fq.gz data/fastq/sample059-r2.fq.gz
	STAR version: 2.7.11b   compiled: 2024-03-19T08:38:59+0000 :/opt/conda/conda-bld/star_1710837244939/work/source
Nov 14 13:39:44 ..... started STAR run
Nov 14 13:39:45 ..... loading genome
Nov 14 13:40:20 ..... started mapping
Nov 14 13:44:04 ..... finished mapping
Nov 14 13:44:04 ..... finished successfully
[MSG] STAR alignment succeeded

[MSG] Cleaning up intermediate files...

[MSG] STEP 3 OF 3: MARK DUPLICATE READS
[MSG] CMD: samtools fixmate --threads 8 -m 'data/alignments/sample059-aligned.bam' 'data/alignments/sample059-fixmate.bam'
INFO:    gocryptfs not found, will not be able to use gocryptfs
[MSG] samtools fixmate succeeded

[MSG] CMD: samtools sort --threads 8 'data/alignments/sample059-fixmate.bam' > 'data/alignments/sample059-sorted.bam'
INFO:    gocryptfs not found, will not be able to use gocryptfs
[bam_sort_core] merging from 2 files and 8 in-memory blocks...
[MSG] samtools sort succeeded

[MSG] CMD: samtools markdup --threads 8 'data/alignments/sample059-sorted.bam' 'data/alignments/sample059.bam'
INFO:    gocryptfs not found, will not be able to use gocryptfs
[MSG] samtools markdup succeeded


Currently Loaded Modules:
  1) intel/24.0       6) TACC
  2) impi/21.11       7) tacc-apptainer/1.4.1
  3) autotools/1.4    8) biocontainers/0.1.0
  4) cmake/4.1.1      9) samtools/ctr-1.20--h50ea8bc_0
  5) python/3.12.11  10) star/ctr-2.7.11b--h43eeafb_1

 

[MSG] JOB COMPLETE!

