========================JOB INFO=========================
Job ID: 2550430
Job name: star-csabaeus-niv-exon
Start date: Fri Nov 14 09:22:16 CST 2025
Current directory: /scratch/09961/jaturcin/niv-agm-serialsac-mad
=========================================================

[MSG] STEP 1 OF 2: CHECKING INPUTS
[MSG] Valid genome FASTA file: pipeline/genomes/csabaeus-niv.fa
[MSG] Valid annotation GTF file: pipeline/annotations/csabaeus-niv.gtf
[MSG] Valid index output directory: pipeline/indices
[MSG] Using GTF feature: exon
[MSG] Done checking inputs!

[MSG] STEP 2 OF 2: BUILD STAR INDEX
[MSG] CMD: STAR --runMode genomeGenerate --runThreadN 1 --genomeFastaFiles 'pipeline/genomes/csabaeus-niv.fa' --sjdbGTFfile 'pipeline/annotations/csabaeus-niv.gtf' --sjdbGTFfeatureExon exon --genomeDir 'pipeline/indices'
INFO:    gocryptfs not found, will not be able to use gocryptfs
	/usr/local/bin/STAR-avx2 --runMode genomeGenerate --runThreadN 1 --genomeFastaFiles pipeline/genomes/csabaeus-niv.fa --sjdbGTFfile pipeline/annotations/csabaeus-niv.gtf --sjdbGTFfeatureExon exon --genomeDir pipeline/indices
	STAR version: 2.7.11b   compiled: 2024-03-19T08:38:59+0000 :/opt/conda/conda-bld/star_1710837244939/work/source
Nov 14 09:22:25 ..... started STAR run
Nov 14 09:22:25 ... starting to generate Genome files
Nov 14 09:23:14 ..... processing annotations GTF
Nov 14 09:23:33 ... starting to sort Suffix Array. This may take a long time...
Nov 14 09:23:47 ... sorting Suffix Array chunks and saving them to disk...
Nov 14 10:40:45 ... loading chunks from disk, packing SA...
Nov 14 10:42:27 ... finished generating suffix array
Nov 14 10:42:27 ... generating Suffix Array index
Nov 14 10:45:43 ... completed Suffix Array index
Nov 14 10:45:43 ..... inserting junctions into the genome indices
Nov 14 10:51:21 ... writing Genome to disk ...
Nov 14 10:51:26 ... writing Suffix Array to disk ...
Nov 14 10:52:00 ... writing SAindex to disk
Nov 14 10:52:03 ..... finished successfully
[MSG] Building STAR index succeeded


Currently Loaded Modules:
  1) intel/24.0      5) xalt/3.1.1             9) biocontainers/0.1.0
  2) impi/21.11      6) python/3.12.11        10) star/ctr-2.7.11b--h43eeafb_1
  3) autotools/1.4   7) TACC
  4) cmake/4.1.1     8) tacc-apptainer/1.4.1

 

[MSG] JOB COMPLETE!

