                                 Started job on |	Nov 14 13:41:45
                             Started mapping on |	Nov 14 13:42:13
                                    Finished on |	Nov 14 13:45:50
       Mapping speed, Million of reads per hour |	372.31

                          Number of input reads |	22442188
                      Average input read length |	150
                                    UNIQUE READS:
                   Uniquely mapped reads number |	19863879
                        Uniquely mapped reads % |	88.51%
                          Average mapped length |	149.05
                       Number of splices: Total |	9575108
            Number of splices: Annotated (sjdb) |	8398195
                       Number of splices: GT/AG |	9501840
                       Number of splices: GC/AG |	50618
                       Number of splices: AT/AC |	4615
               Number of splices: Non-canonical |	18035
                      Mismatch rate per base, % |	0.55%
                         Deletion rate per base |	0.01%
                        Deletion average length |	1.74
                        Insertion rate per base |	0.01%
                       Insertion average length |	1.64
                             MULTI-MAPPING READS:
        Number of reads mapped to multiple loci |	1383081
             % of reads mapped to multiple loci |	6.16%
        Number of reads mapped to too many loci |	3336
             % of reads mapped to too many loci |	0.01%
                                  UNMAPPED READS:
  Number of reads unmapped: too many mismatches |	0
       % of reads unmapped: too many mismatches |	0.00%
            Number of reads unmapped: too short |	1188645
                 % of reads unmapped: too short |	5.30%
                Number of reads unmapped: other |	3247
                     % of reads unmapped: other |	0.01%
                                  CHIMERIC READS:
                       Number of chimeric reads |	0
                            % of chimeric reads |	0.00%
