                                 Started job on |	Nov 14 13:40:22
                             Started mapping on |	Nov 14 13:41:35
                                    Finished on |	Nov 14 14:00:48
       Mapping speed, Million of reads per hour |	138.10

                          Number of input reads |	44228960
                      Average input read length |	300
                                    UNIQUE READS:
                   Uniquely mapped reads number |	34260971
                        Uniquely mapped reads % |	77.46%
                          Average mapped length |	285.98
                       Number of splices: Total |	30266195
            Number of splices: Annotated (sjdb) |	27423374
                       Number of splices: GT/AG |	29948595
                       Number of splices: GC/AG |	184742
                       Number of splices: AT/AC |	17129
               Number of splices: Non-canonical |	115729
                      Mismatch rate per base, % |	0.33%
                         Deletion rate per base |	0.02%
                        Deletion average length |	2.06
                        Insertion rate per base |	0.01%
                       Insertion average length |	1.86
                             MULTI-MAPPING READS:
        Number of reads mapped to multiple loci |	1319381
             % of reads mapped to multiple loci |	2.98%
        Number of reads mapped to too many loci |	5091
             % of reads mapped to too many loci |	0.01%
                                  UNMAPPED READS:
  Number of reads unmapped: too many mismatches |	0
       % of reads unmapped: too many mismatches |	0.00%
            Number of reads unmapped: too short |	8634938
                 % of reads unmapped: too short |	19.52%
                Number of reads unmapped: other |	8579
                     % of reads unmapped: other |	0.02%
                                  CHIMERIC READS:
                       Number of chimeric reads |	0
                            % of chimeric reads |	0.00%
