                                 Started job on |	Nov 14 14:44:49
                             Started mapping on |	Nov 14 14:45:18
                                    Finished on |	Nov 14 15:41:44
       Mapping speed, Million of reads per hour |	92.99

                          Number of input reads |	87458290
                      Average input read length |	300
                                    UNIQUE READS:
                   Uniquely mapped reads number |	67436482
                        Uniquely mapped reads % |	77.11%
                          Average mapped length |	287.93
                       Number of splices: Total |	68039532
            Number of splices: Annotated (sjdb) |	58309106
                       Number of splices: GT/AG |	67459011
                       Number of splices: GC/AG |	382139
                       Number of splices: AT/AC |	36395
               Number of splices: Non-canonical |	161987
                      Mismatch rate per base, % |	0.33%
                         Deletion rate per base |	0.02%
                        Deletion average length |	1.93
                        Insertion rate per base |	0.01%
                       Insertion average length |	1.78
                             MULTI-MAPPING READS:
        Number of reads mapped to multiple loci |	2626514
             % of reads mapped to multiple loci |	3.00%
        Number of reads mapped to too many loci |	9114
             % of reads mapped to too many loci |	0.01%
                                  UNMAPPED READS:
  Number of reads unmapped: too many mismatches |	0
       % of reads unmapped: too many mismatches |	0.00%
            Number of reads unmapped: too short |	17354114
                 % of reads unmapped: too short |	19.84%
                Number of reads unmapped: other |	32066
                     % of reads unmapped: other |	0.04%
                                  CHIMERIC READS:
                       Number of chimeric reads |	0
                            % of chimeric reads |	0.00%
