                                 Started job on |	Nov 14 14:48:27
                             Started mapping on |	Nov 14 14:49:09
                                    Finished on |	Nov 14 16:01:47
       Mapping speed, Million of reads per hour |	61.95

                          Number of input reads |	74998271
                      Average input read length |	300
                                    UNIQUE READS:
                   Uniquely mapped reads number |	53647334
                        Uniquely mapped reads % |	71.53%
                          Average mapped length |	285.49
                       Number of splices: Total |	50118631
            Number of splices: Annotated (sjdb) |	43880635
                       Number of splices: GT/AG |	49642608
                       Number of splices: GC/AG |	316990
                       Number of splices: AT/AC |	26152
               Number of splices: Non-canonical |	132881
                      Mismatch rate per base, % |	0.37%
                         Deletion rate per base |	0.02%
                        Deletion average length |	1.88
                        Insertion rate per base |	0.01%
                       Insertion average length |	1.79
                             MULTI-MAPPING READS:
        Number of reads mapped to multiple loci |	2331866
             % of reads mapped to multiple loci |	3.11%
        Number of reads mapped to too many loci |	6980
             % of reads mapped to too many loci |	0.01%
                                  UNMAPPED READS:
  Number of reads unmapped: too many mismatches |	0
       % of reads unmapped: too many mismatches |	0.00%
            Number of reads unmapped: too short |	18962111
                 % of reads unmapped: too short |	25.28%
                Number of reads unmapped: other |	49980
                     % of reads unmapped: other |	0.07%
                                  CHIMERIC READS:
                       Number of chimeric reads |	0
                            % of chimeric reads |	0.00%
