                                 Started job on |	Nov 14 13:40:57
                             Started mapping on |	Nov 14 13:41:41
                                    Finished on |	Nov 14 14:24:13
       Mapping speed, Million of reads per hour |	123.37

                          Number of input reads |	87452560
                      Average input read length |	300
                                    UNIQUE READS:
                   Uniquely mapped reads number |	62381139
                        Uniquely mapped reads % |	71.33%
                          Average mapped length |	283.95
                       Number of splices: Total |	44082214
            Number of splices: Annotated (sjdb) |	40003523
                       Number of splices: GT/AG |	43576003
                       Number of splices: GC/AG |	241970
                       Number of splices: AT/AC |	22753
               Number of splices: Non-canonical |	241488
                      Mismatch rate per base, % |	0.40%
                         Deletion rate per base |	0.03%
                        Deletion average length |	2.10
                        Insertion rate per base |	0.03%
                       Insertion average length |	1.98
                             MULTI-MAPPING READS:
        Number of reads mapped to multiple loci |	4671301
             % of reads mapped to multiple loci |	5.34%
        Number of reads mapped to too many loci |	49330
             % of reads mapped to too many loci |	0.06%
                                  UNMAPPED READS:
  Number of reads unmapped: too many mismatches |	0
       % of reads unmapped: too many mismatches |	0.00%
            Number of reads unmapped: too short |	20334796
                 % of reads unmapped: too short |	23.25%
                Number of reads unmapped: other |	15994
                     % of reads unmapped: other |	0.02%
                                  CHIMERIC READS:
                       Number of chimeric reads |	0
                            % of chimeric reads |	0.00%
