                                 Started job on |	Nov 14 14:46:25
                             Started mapping on |	Nov 14 14:46:58
                                    Finished on |	Nov 14 15:49:58
       Mapping speed, Million of reads per hour |	100.17

                          Number of input reads |	105178857
                      Average input read length |	300
                                    UNIQUE READS:
                   Uniquely mapped reads number |	75947625
                        Uniquely mapped reads % |	72.21%
                          Average mapped length |	291.63
                       Number of splices: Total |	67300120
            Number of splices: Annotated (sjdb) |	56234879
                       Number of splices: GT/AG |	66652341
                       Number of splices: GC/AG |	403602
                       Number of splices: AT/AC |	35204
               Number of splices: Non-canonical |	208973
                      Mismatch rate per base, % |	0.40%
                         Deletion rate per base |	0.02%
                        Deletion average length |	1.83
                        Insertion rate per base |	0.01%
                       Insertion average length |	1.80
                             MULTI-MAPPING READS:
        Number of reads mapped to multiple loci |	2592868
             % of reads mapped to multiple loci |	2.47%
        Number of reads mapped to too many loci |	10979
             % of reads mapped to too many loci |	0.01%
                                  UNMAPPED READS:
  Number of reads unmapped: too many mismatches |	0
       % of reads unmapped: too many mismatches |	0.00%
            Number of reads unmapped: too short |	26601861
                 % of reads unmapped: too short |	25.29%
                Number of reads unmapped: other |	25524
                     % of reads unmapped: other |	0.02%
                                  CHIMERIC READS:
                       Number of chimeric reads |	0
                            % of chimeric reads |	0.00%
