                                 Started job on |	Nov 14 13:40:57
                             Started mapping on |	Nov 14 13:41:32
                                    Finished on |	Nov 14 14:11:01
       Mapping speed, Million of reads per hour |	120.85

                          Number of input reads |	59384899
                      Average input read length |	300
                                    UNIQUE READS:
                   Uniquely mapped reads number |	41492651
                        Uniquely mapped reads % |	69.87%
                          Average mapped length |	281.46
                       Number of splices: Total |	36899701
            Number of splices: Annotated (sjdb) |	33477209
                       Number of splices: GT/AG |	36510456
                       Number of splices: GC/AG |	229330
                       Number of splices: AT/AC |	20721
               Number of splices: Non-canonical |	139194
                      Mismatch rate per base, % |	0.33%
                         Deletion rate per base |	0.02%
                        Deletion average length |	2.08
                        Insertion rate per base |	0.01%
                       Insertion average length |	1.89
                             MULTI-MAPPING READS:
        Number of reads mapped to multiple loci |	1603301
             % of reads mapped to multiple loci |	2.70%
        Number of reads mapped to too many loci |	7437
             % of reads mapped to too many loci |	0.01%
                                  UNMAPPED READS:
  Number of reads unmapped: too many mismatches |	0
       % of reads unmapped: too many mismatches |	0.00%
            Number of reads unmapped: too short |	16266151
                 % of reads unmapped: too short |	27.39%
                Number of reads unmapped: other |	15359
                     % of reads unmapped: other |	0.03%
                                  CHIMERIC READS:
                       Number of chimeric reads |	0
                            % of chimeric reads |	0.00%
