                                 Started job on |	Nov 14 13:43:25
                             Started mapping on |	Nov 14 13:43:58
                                    Finished on |	Nov 14 13:47:44
       Mapping speed, Million of reads per hour |	388.76

                          Number of input reads |	24405678
                      Average input read length |	150
                                    UNIQUE READS:
                   Uniquely mapped reads number |	20918871
                        Uniquely mapped reads % |	85.71%
                          Average mapped length |	149.05
                       Number of splices: Total |	8203596
            Number of splices: Annotated (sjdb) |	7165961
                       Number of splices: GT/AG |	8143080
                       Number of splices: GC/AG |	40796
                       Number of splices: AT/AC |	3791
               Number of splices: Non-canonical |	15929
                      Mismatch rate per base, % |	0.58%
                         Deletion rate per base |	0.01%
                        Deletion average length |	1.77
                        Insertion rate per base |	0.01%
                       Insertion average length |	1.63
                             MULTI-MAPPING READS:
        Number of reads mapped to multiple loci |	1839466
             % of reads mapped to multiple loci |	7.54%
        Number of reads mapped to too many loci |	3891
             % of reads mapped to too many loci |	0.02%
                                  UNMAPPED READS:
  Number of reads unmapped: too many mismatches |	0
       % of reads unmapped: too many mismatches |	0.00%
            Number of reads unmapped: too short |	1641305
                 % of reads unmapped: too short |	6.73%
                Number of reads unmapped: other |	2145
                     % of reads unmapped: other |	0.01%
                                  CHIMERIC READS:
                       Number of chimeric reads |	0
                            % of chimeric reads |	0.00%
