                                 Started job on |	Nov 14 14:48:27
                             Started mapping on |	Nov 14 14:50:04
                                    Finished on |	Nov 14 15:22:46
       Mapping speed, Million of reads per hour |	102.70

                          Number of input reads |	55970209
                      Average input read length |	300
                                    UNIQUE READS:
                   Uniquely mapped reads number |	41639268
                        Uniquely mapped reads % |	74.40%
                          Average mapped length |	285.62
                       Number of splices: Total |	40654918
            Number of splices: Annotated (sjdb) |	34092509
                       Number of splices: GT/AG |	40309087
                       Number of splices: GC/AG |	222525
                       Number of splices: AT/AC |	20638
               Number of splices: Non-canonical |	102668
                      Mismatch rate per base, % |	0.38%
                         Deletion rate per base |	0.02%
                        Deletion average length |	1.95
                        Insertion rate per base |	0.01%
                       Insertion average length |	1.75
                             MULTI-MAPPING READS:
        Number of reads mapped to multiple loci |	1563300
             % of reads mapped to multiple loci |	2.79%
        Number of reads mapped to too many loci |	6363
             % of reads mapped to too many loci |	0.01%
                                  UNMAPPED READS:
  Number of reads unmapped: too many mismatches |	0
       % of reads unmapped: too many mismatches |	0.00%
            Number of reads unmapped: too short |	12750567
                 % of reads unmapped: too short |	22.78%
                Number of reads unmapped: other |	10711
                     % of reads unmapped: other |	0.02%
                                  CHIMERIC READS:
                       Number of chimeric reads |	0
                            % of chimeric reads |	0.00%
