                                 Started job on |	Nov 14 14:44:49
                             Started mapping on |	Nov 14 14:45:26
                                    Finished on |	Nov 14 15:14:26
       Mapping speed, Million of reads per hour |	106.69

                          Number of input reads |	51564711
                      Average input read length |	300
                                    UNIQUE READS:
                   Uniquely mapped reads number |	37748309
                        Uniquely mapped reads % |	73.21%
                          Average mapped length |	285.10
                       Number of splices: Total |	37810919
            Number of splices: Annotated (sjdb) |	31326324
                       Number of splices: GT/AG |	37480717
                       Number of splices: GC/AG |	205409
                       Number of splices: AT/AC |	19776
               Number of splices: Non-canonical |	105017
                      Mismatch rate per base, % |	0.34%
                         Deletion rate per base |	0.02%
                        Deletion average length |	1.97
                        Insertion rate per base |	0.01%
                       Insertion average length |	1.81
                             MULTI-MAPPING READS:
        Number of reads mapped to multiple loci |	1388688
             % of reads mapped to multiple loci |	2.69%
        Number of reads mapped to too many loci |	5404
             % of reads mapped to too many loci |	0.01%
                                  UNMAPPED READS:
  Number of reads unmapped: too many mismatches |	0
       % of reads unmapped: too many mismatches |	0.00%
            Number of reads unmapped: too short |	12405196
                 % of reads unmapped: too short |	24.06%
                Number of reads unmapped: other |	17114
                     % of reads unmapped: other |	0.03%
                                  CHIMERIC READS:
                       Number of chimeric reads |	0
                            % of chimeric reads |	0.00%
