                                 Started job on |	Nov 14 13:40:57
                             Started mapping on |	Nov 14 13:41:48
                                    Finished on |	Nov 14 14:23:08
       Mapping speed, Million of reads per hour |	78.13

                          Number of input reads |	53821822
                      Average input read length |	300
                                    UNIQUE READS:
                   Uniquely mapped reads number |	33794032
                        Uniquely mapped reads % |	62.79%
                          Average mapped length |	281.75
                       Number of splices: Total |	25281911
            Number of splices: Annotated (sjdb) |	22612455
                       Number of splices: GT/AG |	24996686
                       Number of splices: GC/AG |	141499
                       Number of splices: AT/AC |	12909
               Number of splices: Non-canonical |	130817
                      Mismatch rate per base, % |	0.42%
                         Deletion rate per base |	0.03%
                        Deletion average length |	2.10
                        Insertion rate per base |	0.03%
                       Insertion average length |	1.92
                             MULTI-MAPPING READS:
        Number of reads mapped to multiple loci |	2486080
             % of reads mapped to multiple loci |	4.62%
        Number of reads mapped to too many loci |	32306
             % of reads mapped to too many loci |	0.06%
                                  UNMAPPED READS:
  Number of reads unmapped: too many mismatches |	0
       % of reads unmapped: too many mismatches |	0.00%
            Number of reads unmapped: too short |	17486499
                 % of reads unmapped: too short |	32.49%
                Number of reads unmapped: other |	22905
                     % of reads unmapped: other |	0.04%
                                  CHIMERIC READS:
                       Number of chimeric reads |	0
                            % of chimeric reads |	0.00%
