                                 Started job on |	Nov 14 13:40:53
                             Started mapping on |	Nov 14 13:41:25
                                    Finished on |	Nov 14 14:22:38
       Mapping speed, Million of reads per hour |	144.59

                          Number of input reads |	99324312
                      Average input read length |	300
                                    UNIQUE READS:
                   Uniquely mapped reads number |	80091771
                        Uniquely mapped reads % |	80.64%
                          Average mapped length |	289.99
                       Number of splices: Total |	61991280
            Number of splices: Annotated (sjdb) |	55794267
                       Number of splices: GT/AG |	61340660
                       Number of splices: GC/AG |	320140
                       Number of splices: AT/AC |	28618
               Number of splices: Non-canonical |	301862
                      Mismatch rate per base, % |	0.37%
                         Deletion rate per base |	0.03%
                        Deletion average length |	2.10
                        Insertion rate per base |	0.03%
                       Insertion average length |	1.95
                             MULTI-MAPPING READS:
        Number of reads mapped to multiple loci |	3903462
             % of reads mapped to multiple loci |	3.93%
        Number of reads mapped to too many loci |	30624
             % of reads mapped to too many loci |	0.03%
                                  UNMAPPED READS:
  Number of reads unmapped: too many mismatches |	0
       % of reads unmapped: too many mismatches |	0.00%
            Number of reads unmapped: too short |	15283733
                 % of reads unmapped: too short |	15.39%
                Number of reads unmapped: other |	14722
                     % of reads unmapped: other |	0.01%
                                  CHIMERIC READS:
                       Number of chimeric reads |	0
                            % of chimeric reads |	0.00%
