                                 Started job on |	Nov 14 14:48:27
                             Started mapping on |	Nov 14 14:49:02
                                    Finished on |	Nov 14 15:09:06
       Mapping speed, Million of reads per hour |	69.23

                          Number of input reads |	23152889
                      Average input read length |	300
                                    UNIQUE READS:
                   Uniquely mapped reads number |	16793848
                        Uniquely mapped reads % |	72.53%
                          Average mapped length |	286.48
                       Number of splices: Total |	16023648
            Number of splices: Annotated (sjdb) |	14098541
                       Number of splices: GT/AG |	15868090
                       Number of splices: GC/AG |	99082
                       Number of splices: AT/AC |	8517
               Number of splices: Non-canonical |	47959
                      Mismatch rate per base, % |	0.36%
                         Deletion rate per base |	0.02%
                        Deletion average length |	1.96
                        Insertion rate per base |	0.01%
                       Insertion average length |	1.78
                             MULTI-MAPPING READS:
        Number of reads mapped to multiple loci |	696443
             % of reads mapped to multiple loci |	3.01%
        Number of reads mapped to too many loci |	2640
             % of reads mapped to too many loci |	0.01%
                                  UNMAPPED READS:
  Number of reads unmapped: too many mismatches |	0
       % of reads unmapped: too many mismatches |	0.00%
            Number of reads unmapped: too short |	5634143
                 % of reads unmapped: too short |	24.33%
                Number of reads unmapped: other |	25815
                     % of reads unmapped: other |	0.11%
                                  CHIMERIC READS:
                       Number of chimeric reads |	0
                            % of chimeric reads |	0.00%
