                                 Started job on |	Nov 14 13:40:57
                             Started mapping on |	Nov 14 13:41:33
                                    Finished on |	Nov 14 14:16:35
       Mapping speed, Million of reads per hour |	138.28

                          Number of input reads |	80737276
                      Average input read length |	300
                                    UNIQUE READS:
                   Uniquely mapped reads number |	62914795
                        Uniquely mapped reads % |	77.93%
                          Average mapped length |	286.81
                       Number of splices: Total |	58780839
            Number of splices: Annotated (sjdb) |	53218720
                       Number of splices: GT/AG |	58185310
                       Number of splices: GC/AG |	352751
                       Number of splices: AT/AC |	33286
               Number of splices: Non-canonical |	209492
                      Mismatch rate per base, % |	0.33%
                         Deletion rate per base |	0.02%
                        Deletion average length |	2.06
                        Insertion rate per base |	0.01%
                       Insertion average length |	1.93
                             MULTI-MAPPING READS:
        Number of reads mapped to multiple loci |	2412799
             % of reads mapped to multiple loci |	2.99%
        Number of reads mapped to too many loci |	7232
             % of reads mapped to too many loci |	0.01%
                                  UNMAPPED READS:
  Number of reads unmapped: too many mismatches |	0
       % of reads unmapped: too many mismatches |	0.00%
            Number of reads unmapped: too short |	15394290
                 % of reads unmapped: too short |	19.07%
                Number of reads unmapped: other |	8160
                     % of reads unmapped: other |	0.01%
                                  CHIMERIC READS:
                       Number of chimeric reads |	0
                            % of chimeric reads |	0.00%
