                                 Started job on |	Nov 14 13:40:22
                             Started mapping on |	Nov 14 13:40:51
                                    Finished on |	Nov 14 13:54:28
       Mapping speed, Million of reads per hour |	138.68

                          Number of input reads |	31473526
                      Average input read length |	300
                                    UNIQUE READS:
                   Uniquely mapped reads number |	22871062
                        Uniquely mapped reads % |	72.67%
                          Average mapped length |	283.07
                       Number of splices: Total |	19309739
            Number of splices: Annotated (sjdb) |	17415989
                       Number of splices: GT/AG |	19103291
                       Number of splices: GC/AG |	116387
                       Number of splices: AT/AC |	10109
               Number of splices: Non-canonical |	79952
                      Mismatch rate per base, % |	0.35%
                         Deletion rate per base |	0.02%
                        Deletion average length |	1.94
                        Insertion rate per base |	0.02%
                       Insertion average length |	1.80
                             MULTI-MAPPING READS:
        Number of reads mapped to multiple loci |	1004505
             % of reads mapped to multiple loci |	3.19%
        Number of reads mapped to too many loci |	5003
             % of reads mapped to too many loci |	0.02%
                                  UNMAPPED READS:
  Number of reads unmapped: too many mismatches |	0
       % of reads unmapped: too many mismatches |	0.00%
            Number of reads unmapped: too short |	7587407
                 % of reads unmapped: too short |	24.11%
                Number of reads unmapped: other |	5549
                     % of reads unmapped: other |	0.02%
                                  CHIMERIC READS:
                       Number of chimeric reads |	0
                            % of chimeric reads |	0.00%
