                                 Started job on |	Nov 14 14:48:27
                             Started mapping on |	Nov 14 14:49:04
                                    Finished on |	Nov 14 15:13:00
       Mapping speed, Million of reads per hour |	115.09

                          Number of input reads |	45907653
                      Average input read length |	300
                                    UNIQUE READS:
                   Uniquely mapped reads number |	33186243
                        Uniquely mapped reads % |	72.29%
                          Average mapped length |	285.32
                       Number of splices: Total |	31906292
            Number of splices: Annotated (sjdb) |	26606768
                       Number of splices: GT/AG |	31650823
                       Number of splices: GC/AG |	160093
                       Number of splices: AT/AC |	14832
               Number of splices: Non-canonical |	80544
                      Mismatch rate per base, % |	0.37%
                         Deletion rate per base |	0.02%
                        Deletion average length |	1.93
                        Insertion rate per base |	0.01%
                       Insertion average length |	1.74
                             MULTI-MAPPING READS:
        Number of reads mapped to multiple loci |	1290262
             % of reads mapped to multiple loci |	2.81%
        Number of reads mapped to too many loci |	5418
             % of reads mapped to too many loci |	0.01%
                                  UNMAPPED READS:
  Number of reads unmapped: too many mismatches |	0
       % of reads unmapped: too many mismatches |	0.00%
            Number of reads unmapped: too short |	11412837
                 % of reads unmapped: too short |	24.86%
                Number of reads unmapped: other |	12893
                     % of reads unmapped: other |	0.03%
                                  CHIMERIC READS:
                       Number of chimeric reads |	0
                            % of chimeric reads |	0.00%
