                                 Started job on |	Nov 14 13:40:22
                             Started mapping on |	Nov 14 13:40:49
                                    Finished on |	Nov 14 13:44:54
       Mapping speed, Million of reads per hour |	418.75

                          Number of input reads |	28497931
                      Average input read length |	150
                                    UNIQUE READS:
                   Uniquely mapped reads number |	25578396
                        Uniquely mapped reads % |	89.76%
                          Average mapped length |	149.18
                       Number of splices: Total |	10808048
            Number of splices: Annotated (sjdb) |	10060757
                       Number of splices: GT/AG |	10707505
                       Number of splices: GC/AG |	60310
                       Number of splices: AT/AC |	5377
               Number of splices: Non-canonical |	34856
                      Mismatch rate per base, % |	0.52%
                         Deletion rate per base |	0.01%
                        Deletion average length |	1.76
                        Insertion rate per base |	0.01%
                       Insertion average length |	1.71
                             MULTI-MAPPING READS:
        Number of reads mapped to multiple loci |	1868308
             % of reads mapped to multiple loci |	6.56%
        Number of reads mapped to too many loci |	4696
             % of reads mapped to too many loci |	0.02%
                                  UNMAPPED READS:
  Number of reads unmapped: too many mismatches |	0
       % of reads unmapped: too many mismatches |	0.00%
            Number of reads unmapped: too short |	1042846
                 % of reads unmapped: too short |	3.66%
                Number of reads unmapped: other |	3685
                     % of reads unmapped: other |	0.01%
                                  CHIMERIC READS:
                       Number of chimeric reads |	0
                            % of chimeric reads |	0.00%
