                                 Started job on |	Nov 14 14:44:49
                             Started mapping on |	Nov 14 14:45:34
                                    Finished on |	Nov 14 14:49:05
       Mapping speed, Million of reads per hour |	379.53

                          Number of input reads |	22244947
                      Average input read length |	150
                                    UNIQUE READS:
                   Uniquely mapped reads number |	20117427
                        Uniquely mapped reads % |	90.44%
                          Average mapped length |	149.07
                       Number of splices: Total |	9838100
            Number of splices: Annotated (sjdb) |	8771904
                       Number of splices: GT/AG |	9753691
                       Number of splices: GC/AG |	59292
                       Number of splices: AT/AC |	5286
               Number of splices: Non-canonical |	19831
                      Mismatch rate per base, % |	0.57%
                         Deletion rate per base |	0.01%
                        Deletion average length |	1.74
                        Insertion rate per base |	0.01%
                       Insertion average length |	1.68
                             MULTI-MAPPING READS:
        Number of reads mapped to multiple loci |	1187738
             % of reads mapped to multiple loci |	5.34%
        Number of reads mapped to too many loci |	3605
             % of reads mapped to too many loci |	0.02%
                                  UNMAPPED READS:
  Number of reads unmapped: too many mismatches |	0
       % of reads unmapped: too many mismatches |	0.00%
            Number of reads unmapped: too short |	932027
                 % of reads unmapped: too short |	4.19%
                Number of reads unmapped: other |	4150
                     % of reads unmapped: other |	0.02%
                                  CHIMERIC READS:
                       Number of chimeric reads |	0
                            % of chimeric reads |	0.00%
