                                 Started job on |	Nov 14 14:48:27
                             Started mapping on |	Nov 14 14:50:06
                                    Finished on |	Nov 14 15:32:55
       Mapping speed, Million of reads per hour |	100.33

                          Number of input reads |	71594059
                      Average input read length |	300
                                    UNIQUE READS:
                   Uniquely mapped reads number |	53477779
                        Uniquely mapped reads % |	74.70%
                          Average mapped length |	285.73
                       Number of splices: Total |	53227616
            Number of splices: Annotated (sjdb) |	44855191
                       Number of splices: GT/AG |	52754357
                       Number of splices: GC/AG |	278596
                       Number of splices: AT/AC |	27025
               Number of splices: Non-canonical |	167638
                      Mismatch rate per base, % |	0.35%
                         Deletion rate per base |	0.02%
                        Deletion average length |	2.01
                        Insertion rate per base |	0.01%
                       Insertion average length |	1.77
                             MULTI-MAPPING READS:
        Number of reads mapped to multiple loci |	2107762
             % of reads mapped to multiple loci |	2.94%
        Number of reads mapped to too many loci |	8462
             % of reads mapped to too many loci |	0.01%
                                  UNMAPPED READS:
  Number of reads unmapped: too many mismatches |	0
       % of reads unmapped: too many mismatches |	0.00%
            Number of reads unmapped: too short |	15962919
                 % of reads unmapped: too short |	22.30%
                Number of reads unmapped: other |	37137
                     % of reads unmapped: other |	0.05%
                                  CHIMERIC READS:
                       Number of chimeric reads |	0
                            % of chimeric reads |	0.00%
