                                 Started job on |	Nov 14 14:44:49
                             Started mapping on |	Nov 14 14:45:19
                                    Finished on |	Nov 14 14:49:26
       Mapping speed, Million of reads per hour |	357.26

                          Number of input reads |	24512223
                      Average input read length |	150
                                    UNIQUE READS:
                   Uniquely mapped reads number |	21765460
                        Uniquely mapped reads % |	88.79%
                          Average mapped length |	148.86
                       Number of splices: Total |	10205981
            Number of splices: Annotated (sjdb) |	8712743
                       Number of splices: GT/AG |	10118637
                       Number of splices: GC/AG |	60259
                       Number of splices: AT/AC |	4177
               Number of splices: Non-canonical |	22908
                      Mismatch rate per base, % |	0.68%
                         Deletion rate per base |	0.01%
                        Deletion average length |	1.83
                        Insertion rate per base |	0.01%
                       Insertion average length |	1.75
                             MULTI-MAPPING READS:
        Number of reads mapped to multiple loci |	1519591
             % of reads mapped to multiple loci |	6.20%
        Number of reads mapped to too many loci |	3060
             % of reads mapped to too many loci |	0.01%
                                  UNMAPPED READS:
  Number of reads unmapped: too many mismatches |	0
       % of reads unmapped: too many mismatches |	0.00%
            Number of reads unmapped: too short |	1221942
                 % of reads unmapped: too short |	4.99%
                Number of reads unmapped: other |	2170
                     % of reads unmapped: other |	0.01%
                                  CHIMERIC READS:
                       Number of chimeric reads |	0
                            % of chimeric reads |	0.00%
