                                 Started job on |	Nov 14 14:48:27
                             Started mapping on |	Nov 14 14:49:05
                                    Finished on |	Nov 14 15:05:24
       Mapping speed, Million of reads per hour |	119.68

                          Number of input reads |	32546875
                      Average input read length |	300
                                    UNIQUE READS:
                   Uniquely mapped reads number |	23887606
                        Uniquely mapped reads % |	73.39%
                          Average mapped length |	284.36
                       Number of splices: Total |	22661615
            Number of splices: Annotated (sjdb) |	19067103
                       Number of splices: GT/AG |	22458566
                       Number of splices: GC/AG |	124060
                       Number of splices: AT/AC |	11920
               Number of splices: Non-canonical |	67069
                      Mismatch rate per base, % |	0.47%
                         Deletion rate per base |	0.02%
                        Deletion average length |	1.96
                        Insertion rate per base |	0.01%
                       Insertion average length |	1.83
                             MULTI-MAPPING READS:
        Number of reads mapped to multiple loci |	909641
             % of reads mapped to multiple loci |	2.79%
        Number of reads mapped to too many loci |	4259
             % of reads mapped to too many loci |	0.01%
                                  UNMAPPED READS:
  Number of reads unmapped: too many mismatches |	0
       % of reads unmapped: too many mismatches |	0.00%
            Number of reads unmapped: too short |	7734927
                 % of reads unmapped: too short |	23.77%
                Number of reads unmapped: other |	10442
                     % of reads unmapped: other |	0.03%
                                  CHIMERIC READS:
                       Number of chimeric reads |	0
                            % of chimeric reads |	0.00%
