                                 Started job on |	Nov 14 13:43:11
                             Started mapping on |	Nov 14 13:43:42
                                    Finished on |	Nov 14 13:48:12
       Mapping speed, Million of reads per hour |	420.84

                          Number of input reads |	31563043
                      Average input read length |	150
                                    UNIQUE READS:
                   Uniquely mapped reads number |	29016083
                        Uniquely mapped reads % |	91.93%
                          Average mapped length |	149.16
                       Number of splices: Total |	14444502
            Number of splices: Annotated (sjdb) |	12518866
                       Number of splices: GT/AG |	14332976
                       Number of splices: GC/AG |	77452
                       Number of splices: AT/AC |	6471
               Number of splices: Non-canonical |	27603
                      Mismatch rate per base, % |	0.56%
                         Deletion rate per base |	0.01%
                        Deletion average length |	1.76
                        Insertion rate per base |	0.01%
                       Insertion average length |	1.63
                             MULTI-MAPPING READS:
        Number of reads mapped to multiple loci |	1842147
             % of reads mapped to multiple loci |	5.84%
        Number of reads mapped to too many loci |	3769
             % of reads mapped to too many loci |	0.01%
                                  UNMAPPED READS:
  Number of reads unmapped: too many mismatches |	0
       % of reads unmapped: too many mismatches |	0.00%
            Number of reads unmapped: too short |	696948
                 % of reads unmapped: too short |	2.21%
                Number of reads unmapped: other |	4096
                     % of reads unmapped: other |	0.01%
                                  CHIMERIC READS:
                       Number of chimeric reads |	0
                            % of chimeric reads |	0.00%
