                                 Started job on |	Nov 14 14:53:36
                             Started mapping on |	Nov 14 14:54:16
                                    Finished on |	Nov 14 15:21:23
       Mapping speed, Million of reads per hour |	99.07

                          Number of input reads |	44772572
                      Average input read length |	300
                                    UNIQUE READS:
                   Uniquely mapped reads number |	31942495
                        Uniquely mapped reads % |	71.34%
                          Average mapped length |	283.81
                       Number of splices: Total |	29305143
            Number of splices: Annotated (sjdb) |	24685120
                       Number of splices: GT/AG |	29042005
                       Number of splices: GC/AG |	162932
                       Number of splices: AT/AC |	15135
               Number of splices: Non-canonical |	85071
                      Mismatch rate per base, % |	0.36%
                         Deletion rate per base |	0.02%
                        Deletion average length |	1.96
                        Insertion rate per base |	0.01%
                       Insertion average length |	1.83
                             MULTI-MAPPING READS:
        Number of reads mapped to multiple loci |	1217463
             % of reads mapped to multiple loci |	2.72%
        Number of reads mapped to too many loci |	6197
             % of reads mapped to too many loci |	0.01%
                                  UNMAPPED READS:
  Number of reads unmapped: too many mismatches |	0
       % of reads unmapped: too many mismatches |	0.00%
            Number of reads unmapped: too short |	11588973
                 % of reads unmapped: too short |	25.88%
                Number of reads unmapped: other |	17444
                     % of reads unmapped: other |	0.04%
                                  CHIMERIC READS:
                       Number of chimeric reads |	0
                            % of chimeric reads |	0.00%
