                                 Started job on |	Nov 14 13:40:22
                             Started mapping on |	Nov 14 13:40:51
                                    Finished on |	Nov 14 13:43:10
       Mapping speed, Million of reads per hour |	362.76

                          Number of input reads |	14006449
                      Average input read length |	150
                                    UNIQUE READS:
                   Uniquely mapped reads number |	11831078
                        Uniquely mapped reads % |	84.47%
                          Average mapped length |	148.79
                       Number of splices: Total |	4672598
            Number of splices: Annotated (sjdb) |	4348350
                       Number of splices: GT/AG |	4625318
                       Number of splices: GC/AG |	23654
                       Number of splices: AT/AC |	1938
               Number of splices: Non-canonical |	21688
                      Mismatch rate per base, % |	0.59%
                         Deletion rate per base |	0.02%
                        Deletion average length |	1.77
                        Insertion rate per base |	0.02%
                       Insertion average length |	1.83
                             MULTI-MAPPING READS:
        Number of reads mapped to multiple loci |	1329586
             % of reads mapped to multiple loci |	9.49%
        Number of reads mapped to too many loci |	7156
             % of reads mapped to too many loci |	0.05%
                                  UNMAPPED READS:
  Number of reads unmapped: too many mismatches |	0
       % of reads unmapped: too many mismatches |	0.00%
            Number of reads unmapped: too short |	834506
                 % of reads unmapped: too short |	5.96%
                Number of reads unmapped: other |	4123
                     % of reads unmapped: other |	0.03%
                                  CHIMERIC READS:
                       Number of chimeric reads |	0
                            % of chimeric reads |	0.00%
