                                 Started job on |	Nov 14 13:40:22
                             Started mapping on |	Nov 14 13:40:55
                                    Finished on |	Nov 14 13:45:01
       Mapping speed, Million of reads per hour |	424.09

                          Number of input reads |	28979704
                      Average input read length |	150
                                    UNIQUE READS:
                   Uniquely mapped reads number |	26199126
                        Uniquely mapped reads % |	90.41%
                          Average mapped length |	149.14
                       Number of splices: Total |	10125964
            Number of splices: Annotated (sjdb) |	9331179
                       Number of splices: GT/AG |	10022743
                       Number of splices: GC/AG |	57847
                       Number of splices: AT/AC |	5282
               Number of splices: Non-canonical |	40092
                      Mismatch rate per base, % |	0.50%
                         Deletion rate per base |	0.02%
                        Deletion average length |	1.78
                        Insertion rate per base |	0.02%
                       Insertion average length |	1.76
                             MULTI-MAPPING READS:
        Number of reads mapped to multiple loci |	1755318
             % of reads mapped to multiple loci |	6.06%
        Number of reads mapped to too many loci |	7215
             % of reads mapped to too many loci |	0.02%
                                  UNMAPPED READS:
  Number of reads unmapped: too many mismatches |	0
       % of reads unmapped: too many mismatches |	0.00%
            Number of reads unmapped: too short |	1013015
                 % of reads unmapped: too short |	3.50%
                Number of reads unmapped: other |	5030
                     % of reads unmapped: other |	0.02%
                                  CHIMERIC READS:
                       Number of chimeric reads |	0
                            % of chimeric reads |	0.00%
