                                 Started job on |	Nov 14 13:40:57
                             Started mapping on |	Nov 14 13:42:05
                                    Finished on |	Nov 14 14:00:35
       Mapping speed, Million of reads per hour |	130.20

                          Number of input reads |	40145614
                      Average input read length |	300
                                    UNIQUE READS:
                   Uniquely mapped reads number |	31436270
                        Uniquely mapped reads % |	78.31%
                          Average mapped length |	286.94
                       Number of splices: Total |	28447916
            Number of splices: Annotated (sjdb) |	25758569
                       Number of splices: GT/AG |	28152443
                       Number of splices: GC/AG |	169543
                       Number of splices: AT/AC |	16227
               Number of splices: Non-canonical |	109703
                      Mismatch rate per base, % |	0.34%
                         Deletion rate per base |	0.02%
                        Deletion average length |	1.98
                        Insertion rate per base |	0.02%
                       Insertion average length |	1.81
                             MULTI-MAPPING READS:
        Number of reads mapped to multiple loci |	1202185
             % of reads mapped to multiple loci |	2.99%
        Number of reads mapped to too many loci |	5532
             % of reads mapped to too many loci |	0.01%
                                  UNMAPPED READS:
  Number of reads unmapped: too many mismatches |	0
       % of reads unmapped: too many mismatches |	0.00%
            Number of reads unmapped: too short |	7490891
                 % of reads unmapped: too short |	18.66%
                Number of reads unmapped: other |	10736
                     % of reads unmapped: other |	0.03%
                                  CHIMERIC READS:
                       Number of chimeric reads |	0
                            % of chimeric reads |	0.00%
