                                 Started job on |	Nov 14 13:43:05
                             Started mapping on |	Nov 14 13:43:37
                                    Finished on |	Nov 14 13:47:28
       Mapping speed, Million of reads per hour |	413.92

                          Number of input reads |	26559658
                      Average input read length |	150
                                    UNIQUE READS:
                   Uniquely mapped reads number |	24224662
                        Uniquely mapped reads % |	91.21%
                          Average mapped length |	149.14
                       Number of splices: Total |	12176081
            Number of splices: Annotated (sjdb) |	10654152
                       Number of splices: GT/AG |	12081552
                       Number of splices: GC/AG |	64914
                       Number of splices: AT/AC |	6151
               Number of splices: Non-canonical |	23464
                      Mismatch rate per base, % |	0.54%
                         Deletion rate per base |	0.01%
                        Deletion average length |	1.80
                        Insertion rate per base |	0.01%
                       Insertion average length |	1.65
                             MULTI-MAPPING READS:
        Number of reads mapped to multiple loci |	1555968
             % of reads mapped to multiple loci |	5.86%
        Number of reads mapped to too many loci |	4101
             % of reads mapped to too many loci |	0.02%
                                  UNMAPPED READS:
  Number of reads unmapped: too many mismatches |	0
       % of reads unmapped: too many mismatches |	0.00%
            Number of reads unmapped: too short |	771370
                 % of reads unmapped: too short |	2.90%
                Number of reads unmapped: other |	3557
                     % of reads unmapped: other |	0.01%
                                  CHIMERIC READS:
                       Number of chimeric reads |	0
                            % of chimeric reads |	0.00%
