                                 Started job on |	Nov 14 13:40:22
                             Started mapping on |	Nov 14 13:40:52
                                    Finished on |	Nov 14 13:44:03
       Mapping speed, Million of reads per hour |	424.17

                          Number of input reads |	22504522
                      Average input read length |	150
                                    UNIQUE READS:
                   Uniquely mapped reads number |	20094621
                        Uniquely mapped reads % |	89.29%
                          Average mapped length |	149.21
                       Number of splices: Total |	8817553
            Number of splices: Annotated (sjdb) |	8216455
                       Number of splices: GT/AG |	8733078
                       Number of splices: GC/AG |	49191
                       Number of splices: AT/AC |	4172
               Number of splices: Non-canonical |	31112
                      Mismatch rate per base, % |	0.52%
                         Deletion rate per base |	0.01%
                        Deletion average length |	1.80
                        Insertion rate per base |	0.01%
                       Insertion average length |	1.71
                             MULTI-MAPPING READS:
        Number of reads mapped to multiple loci |	1789267
             % of reads mapped to multiple loci |	7.95%
        Number of reads mapped to too many loci |	4048
             % of reads mapped to too many loci |	0.02%
                                  UNMAPPED READS:
  Number of reads unmapped: too many mismatches |	0
       % of reads unmapped: too many mismatches |	0.00%
            Number of reads unmapped: too short |	613708
                 % of reads unmapped: too short |	2.73%
                Number of reads unmapped: other |	2878
                     % of reads unmapped: other |	0.01%
                                  CHIMERIC READS:
                       Number of chimeric reads |	0
                            % of chimeric reads |	0.00%
